[debug] [2024-11-19T17:28:03.759Z] ----------------------------------------------------------------------
[debug] [2024-11-19T17:28:03.761Z] Command:       /opt/homebrew/Cellar/node/23.1.0_1/bin/node /opt/homebrew/bin/firebase init
[debug] [2024-11-19T17:28:03.761Z] CLI Version:   13.25.0
[debug] [2024-11-19T17:28:03.761Z] Platform:      darwin
[debug] [2024-11-19T17:28:03.761Z] Node Version:  v23.1.0
[debug] [2024-11-19T17:28:03.762Z] Time:          Tue Nov 19 2024 18:28:03 GMT+0100 (Central European Standard Time)
[debug] [2024-11-19T17:28:03.762Z] ----------------------------------------------------------------------
[debug] 
[debug] [2024-11-19T17:28:03.765Z] > command requires scopes: ["email","openid","https://www.googleapis.com/auth/cloudplatformprojects.readonly","https://www.googleapis.com/auth/firebase","https://www.googleapis.com/auth/cloud-platform"]
[debug] [2024-11-19T17:28:03.765Z] > authorizing via signed-in user (manoel.al.amaro@gmail.com)
[info] 
     ######## #### ########  ######## ########     ###     ######  ########
     ##        ##  ##     ## ##       ##     ##  ##   ##  ##       ##
     ######    ##  ########  ######   ########  #########  ######  ######
     ##        ##  ##    ##  ##       ##     ## ##     ##       ## ##
     ##       #### ##     ## ######## ########  ##     ##  ######  ########

You're about to initialize a Firebase project in this directory:

  /Users/manoel/Developer/micro-programming/watering_system_ESP32/webapp

[info] 
=== Project Setup
[info] 
[info] First, let's associate this project directory with a Firebase project.
[info] You can create multiple project aliases by running firebase use --add, 
[info] but for now we'll just set up a default project.
[info] 
[debug] [2024-11-19T17:33:00.066Z] Checked if tokens are valid: true, expires at: 1732040874377
[debug] [2024-11-19T17:33:00.066Z] Checked if tokens are valid: true, expires at: 1732040874377
[debug] [2024-11-19T17:33:00.068Z] >>> [apiv2][query] GET https://firebase.googleapis.com/v1beta1/projects pageSize=100
[debug] [2024-11-19T17:33:00.608Z] <<< [apiv2][status] GET https://firebase.googleapis.com/v1beta1/projects 200
[debug] [2024-11-19T17:33:00.608Z] <<< [apiv2][body] GET https://firebase.googleapis.com/v1beta1/projects [omitted]
[info] i  Using project watering-system-e026c (watering-system) 
[info] 
=== Firestore Setup
[debug] [2024-11-19T17:33:03.502Z] Checked if tokens are valid: true, expires at: 1732040874377
[debug] [2024-11-19T17:33:03.502Z] Checked if tokens are valid: true, expires at: 1732040874377
[debug] [2024-11-19T17:33:03.502Z] >>> [apiv2][query] GET https://serviceusage.googleapis.com/v1/projects/watering-system-e026c/services/firestore.googleapis.com [none]
[debug] [2024-11-19T17:33:03.502Z] >>> [apiv2][(partial)header] GET https://serviceusage.googleapis.com/v1/projects/watering-system-e026c/services/firestore.googleapis.com x-goog-quota-user=projects/watering-system-e026c
[debug] [2024-11-19T17:33:04.700Z] <<< [apiv2][status] GET https://serviceusage.googleapis.com/v1/projects/watering-system-e026c/services/firestore.googleapis.com 200
[debug] [2024-11-19T17:33:04.700Z] <<< [apiv2][body] GET https://serviceusage.googleapis.com/v1/projects/watering-system-e026c/services/firestore.googleapis.com [omitted]
[debug] [2024-11-19T17:33:04.701Z] Checked if tokens are valid: true, expires at: 1732040874377
[debug] [2024-11-19T17:33:04.701Z] Checked if tokens are valid: true, expires at: 1732040874377
[debug] [2024-11-19T17:33:04.701Z] >>> [apiv2][query] GET https://firestore.googleapis.com/v1/projects/watering-system-e026c/databases/(default) [none]
[debug] [2024-11-19T17:33:05.014Z] <<< [apiv2][status] GET https://firestore.googleapis.com/v1/projects/watering-system-e026c/databases/(default) 200
[debug] [2024-11-19T17:33:05.014Z] <<< [apiv2][body] GET https://firestore.googleapis.com/v1/projects/watering-system-e026c/databases/(default) {"name":"projects/watering-system-e026c/databases/(default)","uid":"7dc4346f-ccc7-45f3-8722-8ebdfcf19e7a","createTime":"2024-11-10T20:21:52.145206Z","updateTime":"2024-11-10T20:21:52.145206Z","locationId":"eur3","type":"FIRESTORE_NATIVE","concurrencyMode":"PESSIMISTIC","versionRetentionPeriod":"3600s","earliestVersionTime":"2024-11-19T16:33:04.997115Z","appEngineIntegrationMode":"DISABLED","keyPrefix":"e","pointInTimeRecoveryEnablement":"POINT_IN_TIME_RECOVERY_DISABLED","deleteProtectionState":"DELETE_PROTECTION_DISABLED","etag":"IKyR9+f26IkDMJqy7LST34kD"}
[debug] [2024-11-19T17:33:05.014Z] database_type: FIRESTORE_NATIVE
[debug] [2024-11-19T17:33:05.014Z] database_type: FIRESTORE_NATIVE
[debug] [2024-11-19T17:33:05.014Z] > command requires scopes: ["email","openid","https://www.googleapis.com/auth/cloudplatformprojects.readonly","https://www.googleapis.com/auth/firebase","https://www.googleapis.com/auth/cloud-platform"]
[debug] [2024-11-19T17:33:05.015Z] > authorizing via signed-in user (manoel.al.amaro@gmail.com)
[debug] [2024-11-19T17:33:05.015Z] [iam] checking project watering-system-e026c for permissions ["firebase.projects.get"]
[debug] [2024-11-19T17:33:05.015Z] Checked if tokens are valid: true, expires at: 1732040874377
[debug] [2024-11-19T17:33:05.015Z] Checked if tokens are valid: true, expires at: 1732040874377
[debug] [2024-11-19T17:33:05.015Z] >>> [apiv2][query] POST https://cloudresourcemanager.googleapis.com/v1/projects/watering-system-e026c:testIamPermissions [none]
[debug] [2024-11-19T17:33:05.016Z] >>> [apiv2][(partial)header] POST https://cloudresourcemanager.googleapis.com/v1/projects/watering-system-e026c:testIamPermissions x-goog-quota-user=projects/watering-system-e026c
[debug] [2024-11-19T17:33:05.016Z] >>> [apiv2][body] POST https://cloudresourcemanager.googleapis.com/v1/projects/watering-system-e026c:testIamPermissions {"permissions":["firebase.projects.get"]}
[debug] [2024-11-19T17:33:05.394Z] <<< [apiv2][status] POST https://cloudresourcemanager.googleapis.com/v1/projects/watering-system-e026c:testIamPermissions 200
[debug] [2024-11-19T17:33:05.394Z] <<< [apiv2][body] POST https://cloudresourcemanager.googleapis.com/v1/projects/watering-system-e026c:testIamPermissions {"permissions":["firebase.projects.get"]}
[info] 
[info] Firestore Security Rules allow you to define how and when to allow
[info] requests. You can keep these rules in your project directory
[info] and publish them with firebase deploy.
[info] 
[debug] [2024-11-19T17:33:09.849Z] Checked if tokens are valid: true, expires at: 1732040874377
[debug] [2024-11-19T17:33:09.849Z] Checked if tokens are valid: true, expires at: 1732040874377
[debug] [2024-11-19T17:33:09.850Z] >>> [apiv2][query] GET https://firebaserules.googleapis.com/v1/projects/watering-system-e026c/releases pageSize=10&pageToken=
[debug] [2024-11-19T17:33:10.841Z] <<< [apiv2][status] GET https://firebaserules.googleapis.com/v1/projects/watering-system-e026c/releases 200
[debug] [2024-11-19T17:33:10.841Z] <<< [apiv2][body] GET https://firebaserules.googleapis.com/v1/projects/watering-system-e026c/releases {"releases":[{"name":"projects/watering-system-e026c/releases/cloud.firestore","rulesetName":"projects/watering-system-e026c/rulesets/f0204f85-bbfb-4e94-a2a6-11f8e056ab50","createTime":"2024-11-10T20:21:57.650229Z","updateTime":"2024-11-11T19:12:51.296721Z"}]}
[debug] [2024-11-19T17:33:10.842Z] Found ruleset: projects/watering-system-e026c/rulesets/f0204f85-bbfb-4e94-a2a6-11f8e056ab50
[debug] [2024-11-19T17:33:10.842Z] Checked if tokens are valid: true, expires at: 1732040874377
[debug] [2024-11-19T17:33:10.842Z] Checked if tokens are valid: true, expires at: 1732040874377
[debug] [2024-11-19T17:33:10.842Z] >>> [apiv2][query] GET https://firebaserules.googleapis.com/v1/projects/watering-system-e026c/rulesets/f0204f85-bbfb-4e94-a2a6-11f8e056ab50 [none]
[debug] [2024-11-19T17:33:11.248Z] <<< [apiv2][status] GET https://firebaserules.googleapis.com/v1/projects/watering-system-e026c/rulesets/f0204f85-bbfb-4e94-a2a6-11f8e056ab50 200
[debug] [2024-11-19T17:33:11.248Z] <<< [apiv2][body] GET https://firebaserules.googleapis.com/v1/projects/watering-system-e026c/rulesets/f0204f85-bbfb-4e94-a2a6-11f8e056ab50 [omitted]
[info] 
[info] Firestore indexes allow you to perform complex queries while
[info] maintaining performance that scales with the size of the result
[info] set. You can keep index definitions in your project directory
[info] and publish them with firebase deploy.
[info] 
[debug] [2024-11-19T17:33:14.277Z] Checked if tokens are valid: true, expires at: 1732040874377
[debug] [2024-11-19T17:33:14.277Z] Checked if tokens are valid: true, expires at: 1732040874377
[debug] [2024-11-19T17:33:14.277Z] Checked if tokens are valid: true, expires at: 1732040874377
[debug] [2024-11-19T17:33:14.278Z] Checked if tokens are valid: true, expires at: 1732040874377
[debug] [2024-11-19T17:33:14.278Z] >>> [apiv2][query] GET https://firestore.googleapis.com/v1/projects/watering-system-e026c/databases/(default)/collectionGroups/-/indexes [none]
[debug] [2024-11-19T17:33:14.281Z] >>> [apiv2][query] GET https://firestore.googleapis.com/v1/projects/watering-system-e026c/databases/(default)/collectionGroups/-/fields?filter=indexConfig.usesAncestorConfig=false OR ttlConfig:* [none]
[debug] [2024-11-19T17:33:14.492Z] <<< [apiv2][status] GET https://firestore.googleapis.com/v1/projects/watering-system-e026c/databases/(default)/collectionGroups/-/indexes 200
[debug] [2024-11-19T17:33:14.492Z] <<< [apiv2][body] GET https://firestore.googleapis.com/v1/projects/watering-system-e026c/databases/(default)/collectionGroups/-/indexes {}
[debug] [2024-11-19T17:33:14.503Z] <<< [apiv2][status] GET https://firestore.googleapis.com/v1/projects/watering-system-e026c/databases/(default)/collectionGroups/-/fields?filter=indexConfig.usesAncestorConfig=false OR ttlConfig:* 200
[debug] [2024-11-19T17:33:14.503Z] <<< [apiv2][body] GET https://firestore.googleapis.com/v1/projects/watering-system-e026c/databases/(default)/collectionGroups/-/fields?filter=indexConfig.usesAncestorConfig=false OR ttlConfig:* {"fields":[{"name":"projects/watering-system-e026c/databases/(default)/collectionGroups/__default__/fields/*","indexConfig":{"indexes":[{"queryScope":"COLLECTION","fields":[{"fieldPath":"*","order":"ASCENDING"}],"state":"READY"},{"queryScope":"COLLECTION","fields":[{"fieldPath":"*","order":"DESCENDING"}],"state":"READY"},{"queryScope":"COLLECTION","fields":[{"fieldPath":"*","arrayConfig":"CONTAINS"}],"state":"READY"}]}}]}
[info] 
=== Functions Setup
[debug] [2024-11-19T17:33:14.505Z] > command requires scopes: ["email","openid","https://www.googleapis.com/auth/cloudplatformprojects.readonly","https://www.googleapis.com/auth/firebase","https://www.googleapis.com/auth/cloud-platform"]
[debug] [2024-11-19T17:33:14.505Z] > authorizing via signed-in user (manoel.al.amaro@gmail.com)
[debug] [2024-11-19T17:33:14.505Z] [iam] checking project watering-system-e026c for permissions ["firebase.projects.get"]
[debug] [2024-11-19T17:33:14.505Z] Checked if tokens are valid: true, expires at: 1732040874377
[debug] [2024-11-19T17:33:14.505Z] Checked if tokens are valid: true, expires at: 1732040874377
[debug] [2024-11-19T17:33:14.506Z] >>> [apiv2][query] POST https://cloudresourcemanager.googleapis.com/v1/projects/watering-system-e026c:testIamPermissions [none]
[debug] [2024-11-19T17:33:14.506Z] >>> [apiv2][(partial)header] POST https://cloudresourcemanager.googleapis.com/v1/projects/watering-system-e026c:testIamPermissions x-goog-quota-user=projects/watering-system-e026c
[debug] [2024-11-19T17:33:14.506Z] >>> [apiv2][body] POST https://cloudresourcemanager.googleapis.com/v1/projects/watering-system-e026c:testIamPermissions {"permissions":["firebase.projects.get"]}
[debug] [2024-11-19T17:33:15.297Z] <<< [apiv2][status] POST https://cloudresourcemanager.googleapis.com/v1/projects/watering-system-e026c:testIamPermissions 200
[debug] [2024-11-19T17:33:15.297Z] <<< [apiv2][body] POST https://cloudresourcemanager.googleapis.com/v1/projects/watering-system-e026c:testIamPermissions {"permissions":["firebase.projects.get"]}
[debug] [2024-11-19T17:33:15.298Z] Checked if tokens are valid: true, expires at: 1732040874377
[debug] [2024-11-19T17:33:15.298Z] Checked if tokens are valid: true, expires at: 1732040874377
[debug] [2024-11-19T17:33:15.298Z] Checked if tokens are valid: true, expires at: 1732040874377
[debug] [2024-11-19T17:33:15.298Z] Checked if tokens are valid: true, expires at: 1732040874377
[debug] [2024-11-19T17:33:15.298Z] >>> [apiv2][query] GET https://serviceusage.googleapis.com/v1/projects/watering-system-e026c/services/cloudfunctions.googleapis.com [none]
[debug] [2024-11-19T17:33:15.298Z] >>> [apiv2][(partial)header] GET https://serviceusage.googleapis.com/v1/projects/watering-system-e026c/services/cloudfunctions.googleapis.com x-goog-quota-user=projects/watering-system-e026c
[debug] [2024-11-19T17:33:15.301Z] >>> [apiv2][query] GET https://serviceusage.googleapis.com/v1/projects/watering-system-e026c/services/runtimeconfig.googleapis.com [none]
[debug] [2024-11-19T17:33:15.301Z] >>> [apiv2][(partial)header] GET https://serviceusage.googleapis.com/v1/projects/watering-system-e026c/services/runtimeconfig.googleapis.com x-goog-quota-user=projects/watering-system-e026c
[debug] [2024-11-19T17:33:16.232Z] <<< [apiv2][status] GET https://serviceusage.googleapis.com/v1/projects/watering-system-e026c/services/runtimeconfig.googleapis.com 200
[debug] [2024-11-19T17:33:16.232Z] <<< [apiv2][body] GET https://serviceusage.googleapis.com/v1/projects/watering-system-e026c/services/runtimeconfig.googleapis.com [omitted]
[debug] [2024-11-19T17:33:16.233Z] <<< [apiv2][status] GET https://serviceusage.googleapis.com/v1/projects/watering-system-e026c/services/cloudfunctions.googleapis.com 200
[debug] [2024-11-19T17:33:16.233Z] <<< [apiv2][body] GET https://serviceusage.googleapis.com/v1/projects/watering-system-e026c/services/cloudfunctions.googleapis.com [omitted]
[info] Let's create a new codebase for your functions.
[info] A directory corresponding to the codebase will be created in your project
[info] with sample code pre-configured.

[info] See https://firebase.google.com/docs/functions/organize-functions for
[info] more information on organizing your functions using codebases.

[info] Functions can be deployed with firebase deploy.

[info] ✔  Wrote functions/package.json 
[info] ✔  Wrote functions/.eslintrc.js 
[info] ✔  Wrote functions/tsconfig.json 
[info] ✔  Wrote functions/tsconfig.dev.json 
[info] ✔  Wrote functions/src/index.ts 
[info] ✔  Wrote functions/.gitignore 
[info] 
=== Hosting Setup
[debug] [2024-11-19T17:33:49.228Z] Checked if tokens are valid: true, expires at: 1732040874377
[debug] [2024-11-19T17:33:49.228Z] Checked if tokens are valid: true, expires at: 1732040874377
[debug] [2024-11-19T17:33:49.228Z] >>> [apiv2][query] GET https://firebase.googleapis.com/v1beta1/projects/watering-system-e026c [none]
[debug] [2024-11-19T17:33:49.523Z] <<< [apiv2][status] GET https://firebase.googleapis.com/v1beta1/projects/watering-system-e026c 200
[debug] [2024-11-19T17:33:49.524Z] <<< [apiv2][body] GET https://firebase.googleapis.com/v1beta1/projects/watering-system-e026c {"projectId":"watering-system-e026c","projectNumber":"58044264820","displayName":"watering-system","name":"projects/watering-system-e026c","resources":{"hostingSite":"watering-system-e026c"},"state":"ACTIVE","etag":"1_44536387-339d-4638-b7ea-1ad928bf08b5"}
[info] 
[info] Your public directory is the folder (relative to your project directory) that
[info] will contain Hosting assets to be uploaded with firebase deploy. If you
[info] have a build process for your assets, use your build's output directory.
[info] 
[debug] [2024-11-19T17:39:38.905Z] >>> [apiv2][query] GET https://www.gstatic.com/firebasejs/releases.json [none]
[debug] [2024-11-19T17:39:39.047Z] <<< [apiv2][status] GET https://www.gstatic.com/firebasejs/releases.json 200
[debug] [2024-11-19T17:39:39.047Z] <<< [apiv2][body] GET https://www.gstatic.com/firebasejs/releases.json {"current":{"version":"11.0.2","browserURL":"https://www.gstatic.com/firebasejs/11.0.2/firebase.js","packageURL":"https://www.gstatic.com/firebasejs/11.0.2/firebase.tgz"},"live":{"version":"11.0","browserURL":"https://www.gstatic.com/firebasejs/live/11.0/firebase.js","packageURL":"https://www.gstatic.com/firebasejs/live/11.0/firebase.tgz"},"components":{"analytics":"https://www.gstatic.com/firebasejs/11.0.2/firebase-analytics.js","app":"https://www.gstatic.com/firebasejs/11.0.2/firebase-app.js","app-check":"https://www.gstatic.com/firebasejs/11.0.2/firebase-app-check.js","auth":"https://www.gstatic.com/firebasejs/11.0.2/firebase-auth.js","auth/cordova":"https://www.gstatic.com/firebasejs/11.0.2/firebase-auth/cordova.js","auth/web-extension":"https://www.gstatic.com/firebasejs/11.0.2/firebase-auth/web-extension.js","functions":"https://www.gstatic.com/firebasejs/11.0.2/firebase-functions.js","firestore":"https://www.gstatic.com/firebasejs/11.0.2/firebase-firestore.js","firestore/lite":"https://www.gstatic.com/firebasejs/11.0.2/firebase-firestore/lite.js","installations":"https://www.gstatic.com/firebasejs/11.0.2/firebase-installations.js","storage":"https://www.gstatic.com/firebasejs/11.0.2/firebase-storage.js","performance":"https://www.gstatic.com/firebasejs/11.0.2/firebase-performance.js","remote-config":"https://www.gstatic.com/firebasejs/11.0.2/firebase-remote-config.js","messaging":"https://www.gstatic.com/firebasejs/11.0.2/firebase-messaging.js","messaging/sw":"https://www.gstatic.com/firebasejs/11.0.2/firebase-messaging/sw.js","database":"https://www.gstatic.com/firebasejs/11.0.2/firebase-database.js","vertexai":"https://www.gstatic.com/firebasejs/11.0.2/firebase-vertexai.js","data-connect":"https://www.gstatic.com/firebasejs/11.0.2/firebase-data-connect.js","firestore.memory":"https://www.gstatic.com/firebasejs/11.0.2/firebase-firestore.memory.js"}}
[info] ✔  Wrote out/index.html 
[info] 
[info] i  Detected a .git folder at /Users/manoel/Developer/micro-programming/watering_system_ESP32/webapp 
[info] i  Authorizing with GitHub to upload your service account to a GitHub repository's secrets store. 
[info] 
[info] Visit this URL on this device to log in:
[info] https://github.com/login/oauth/authorize?client_id=89cf50f02ac6aaed3484&state=906925006&redirect_uri=http%3A%2F%2Flocalhost%3A9005&scope=read%3Auser%20repo%20public_repo
[info] 
[info] Waiting for authentication...
[debug] [2024-11-19T17:40:11.509Z] >>> [apiv2][query] POST https://github.com/login/oauth/access_token [none]
[debug] [2024-11-19T17:40:11.510Z] >>> [apiv2][body] POST https://github.com/login/oauth/access_token [stream]
[debug] [2024-11-19T17:40:11.858Z] <<< [apiv2][status] POST https://github.com/login/oauth/access_token 200
[debug] [2024-11-19T17:40:11.858Z] <<< [apiv2][body] POST https://github.com/login/oauth/access_token {"access_token":"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","token_type":"bearer","scope":"read:user,repo"}
[debug] [2024-11-19T17:40:11.861Z] >>> [apiv2][query] GET https://api.github.com/user [none]
[debug] [2024-11-19T17:40:12.294Z] <<< [apiv2][status] GET https://api.github.com/user 200
[debug] [2024-11-19T17:40:12.295Z] <<< [apiv2][body] GET https://api.github.com/user {"login":"manoamaro","id":318812,"node_id":"MDQ6VXNlcjMxODgxMg==","avatar_url":"https://avatars.githubusercontent.com/u/318812?v=4","gravatar_id":"","url":"https://api.github.com/users/manoamaro","html_url":"https://github.com/manoamaro","followers_url":"https://api.github.com/users/manoamaro/followers","following_url":"https://api.github.com/users/manoamaro/following{/other_user}","gists_url":"https://api.github.com/users/manoamaro/gists{/gist_id}","starred_url":"https://api.github.com/users/manoamaro/starred{/owner}{/repo}","subscriptions_url":"https://api.github.com/users/manoamaro/subscriptions","organizations_url":"https://api.github.com/users/manoamaro/orgs","repos_url":"https://api.github.com/users/manoamaro/repos","events_url":"https://api.github.com/users/manoamaro/events{/privacy}","received_events_url":"https://api.github.com/users/manoamaro/received_events","type":"User","user_view_type":"private","site_admin":false,"name":"Manoel Amaro","company":"Erste Digital GmbH","blog":"https://manoamaro.github.io","location":"Vienna, AT","email":"manoel.al.amaro@gmail.com","hireable":null,"bio":"MSc in Computer Science.\r\nSenior software engineer.","twitter_username":"manoamaro","notification_email":"manoel.al.amaro@gmail.com","public_repos":34,"public_gists":7,"followers":21,"following":30,"created_at":"2010-06-30T13:38:02Z","updated_at":"2024-11-08T12:54:33Z","private_gists":1,"total_private_repos":14,"owned_private_repos":14,"disk_usage":1121936,"collaborators":2,"two_factor_authentication":true,"plan":{"name":"free","space":976562499,"collaborators":0,"private_repos":10000}}
[info] 
[info] ✔  Success! Logged into GitHub as manoamaro 
[info] 
